<?xml version="1.0" encoding="UTF-8"?>
<!-- Generated by org.testng.reporters.JUnitXMLReporter -->
<testsuite ignored="0" hostname="Nihansh" failures="0" tests="5" name="Test" time="72.214" errors="0" timestamp="2025-05-18T19:22:37 IST">
  <testcase classname="testCases.TC003_LoginDDT" name="verify_loginDDT" time="2.588"/>
  <testcase classname="testCases.TC003_LoginDDT" name="verify_loginDDT" time="20.879"/>
  <testcase classname="testCases.TC003_LoginDDT" name="verify_loginDDT" time="20.782"/>
  <testcase classname="testCases.TC003_LoginDDT" name="verify_loginDDT" time="20.955"/>
  <testcase classname="testCases.TC003_LoginDDT" name="verify_loginDDT" time="2.608"/>
</testsuite> <!-- Test -->
